accept01
accept02
accept03
accept4_01
adjtimex01
adjtimex02
adjtimex03
bind01
bind02
bind03
bind04
bind05
af_alg01
af_alg02
af_alg03
af_alg04
af_alg05
af_alg06
clock_adjtime02
getdomainname01
gethostname01
getpeername01
getsockname01
getsockopt01
getsockopt02
pselect01
pselect01_64
pselect02
pselect02_64
pselect03
pselect03_64
select01
select02
select03
select04
recvmsg01
recvmsg02
send01
setdomainname02
setdomainname03
sethostname02
sethostname03
setsockopt01
setsockopt02
setsockopt03
setsockopt04
socket01
socket02
socketpair01
socketpair02
